<?xml version="1.0" encoding="UTF-8"?>
<testng-results ignored="0" total="3" passed="3" failed="0" skipped="0">
  <reporter-output>
  </reporter-output>
  <suite started-at="2025-03-11T03:04:59 PDT" name="Suite" finished-at="2025-03-11T03:06:07 PDT" duration-ms="68535">
    <groups>
      <group name="cucumber">
        <method signature="AbstractTestNGCucumberTests.runScenario(io.cucumber.testng.PickleWrapper, io.cucumber.testng.FeatureWrapper)[pri:0, instance:testrunner@78047b92]" name="runScenario" class="io.cucumber.testng.AbstractTestNGCucumberTests"/>
      </group> <!-- cucumber -->
    </groups>
    <test started-at="2025-03-11T03:04:59 PDT" name="Test" finished-at="2025-03-11T03:06:07 PDT" duration-ms="68535">
      <class name="testrunner">
        <test-method is-config="true" signature="setUpClass()[pri:0, instance:testrunner@78047b92]" started-at="2025-03-11T03:04:59 PDT" name="setUpClass" finished-at="2025-03-11T03:05:00 PDT" duration-ms="1188" status="PASS">
          <reporter-output>
          </reporter-output>
        </test-method> <!-- setUpClass -->
        <test-method signature="runScenario(io.cucumber.testng.PickleWrapper, io.cucumber.testng.FeatureWrapper)[pri:0, instance:testrunner@78047b92]" started-at="2025-03-11T03:05:00 PDT" name="runScenario" description="Runs Cucumber Scenarios" data-provider="scenarios" finished-at="2025-03-11T03:05:31 PDT" duration-ms="31437" status="PASS">
          <params>
            <param index="0">
              <value>
                <![CDATA["Add a product to the cart"]]>
              </value>
            </param>
            <param index="1">
              <value>
                <![CDATA["Optional[Add to cart feature]"]]>
              </value>
            </param>
          </params>
          <reporter-output>
          </reporter-output>
        </test-method> <!-- runScenario -->
        <test-method signature="runScenario(io.cucumber.testng.PickleWrapper, io.cucumber.testng.FeatureWrapper)[pri:0, instance:testrunner@78047b92]" started-at="2025-03-11T03:05:31 PDT" name="runScenario" description="Runs Cucumber Scenarios" data-provider="scenarios" finished-at="2025-03-11T03:05:46 PDT" duration-ms="14693" status="PASS">
          <params>
            <param index="0">
              <value>
                <![CDATA["Verify the number of available courses on the website"]]>
              </value>
            </param>
            <param index="1">
              <value>
                <![CDATA["Optional[Number of Courses Displayed]"]]>
              </value>
            </param>
          </params>
          <reporter-output>
          </reporter-output>
        </test-method> <!-- runScenario -->
        <test-method signature="runScenario(io.cucumber.testng.PickleWrapper, io.cucumber.testng.FeatureWrapper)[pri:0, instance:testrunner@78047b92]" started-at="2025-03-11T03:05:46 PDT" name="runScenario" description="Runs Cucumber Scenarios" data-provider="scenarios" finished-at="2025-03-11T03:06:07 PDT" duration-ms="21136" status="PASS">
          <params>
            <param index="0">
              <value>
                <![CDATA["Successful Login with valid credentials"]]>
              </value>
            </param>
            <param index="1">
              <value>
                <![CDATA["Optional[Login Functionality As a user, I want to log in to LetCode so that I can access the features.]"]]>
              </value>
            </param>
          </params>
          <reporter-output>
          </reporter-output>
        </test-method> <!-- runScenario -->
        <test-method is-config="true" signature="tearDownClass()[pri:0, instance:testrunner@78047b92]" started-at="2025-03-11T03:06:07 PDT" name="tearDownClass" finished-at="2025-03-11T03:06:07 PDT" duration-ms="6" status="PASS">
          <reporter-output>
          </reporter-output>
        </test-method> <!-- tearDownClass -->
      </class> <!-- testrunner -->
    </test> <!-- Test -->
  </suite> <!-- Suite -->
</testng-results>
