<?xml version="1.0" encoding="UTF-8"?>
<testng-results total="1" passed="1" failed="0" skipped="0">
  <reporter-output>
  </reporter-output>
  <suite started-at="2025-03-10T05:45:44Z" name="Default suite" finished-at="2025-03-10T05:45:53Z" duration-ms="9064">
    <groups>
    </groups>
    <test started-at="2025-03-10T05:45:44Z" name="Default test" finished-at="2025-03-10T05:45:53Z" duration-ms="9064">
      <class name="testcases.tc1">
        <test-method is-config="true" signature="startBrowser()[pri:0, instance:testcases.tc1@768b970c]" started-at="2025-03-09T22:45:44Z" name="startBrowser" finished-at="2025-03-09T22:45:51Z" duration-ms="7102" status="PASS">
          <reporter-output>
          </reporter-output>
        </test-method> <!-- startBrowser -->
        <test-method signature="clickWork()[pri:0, instance:testcases.tc1@768b970c]" started-at="2025-03-09T22:45:51Z" name="clickWork" finished-at="2025-03-09T22:45:51Z" duration-ms="336" status="PASS">
          <reporter-output>
          </reporter-output>
        </test-method> <!-- clickWork -->
        <test-method is-config="true" signature="closeBrowser()[pri:0, instance:testcases.tc1@768b970c]" started-at="2025-03-09T22:45:51Z" name="closeBrowser" finished-at="2025-03-09T22:45:53Z" duration-ms="1595" status="PASS">
          <reporter-output>
          </reporter-output>
        </test-method> <!-- closeBrowser -->
      </class> <!-- testcases.tc1 -->
    </test> <!-- Default test -->
  </suite> <!-- Default suite -->
</testng-results>
